# JRE version: OpenJDK Runtime Environment (8.0_152-b02) (build 1.8.0_152-release-1024-b02)
# Java VM: OpenJDK 64-Bit Server VM (25.152-b02 mixed mode windows-amd64 compressed oops)
Heap:
 PSYoungGen      total 305152K, used 191608K [0x00000000eab00000, 0x00000000ffe00000, 0x0000000100000000)
  eden space 264192K, 71% used [0x00000000eab00000,0x00000000f627d5f8,0x00000000fad00000)
  from space 40960K, 9% used [0x00000000fd600000,0x00000000fd9a0cd0,0x00000000ffe00000)
  to   space 41472K, 0% used [0x00000000fad00000,0x00000000fad00000,0x00000000fd580000)
 ParOldGen       total 317952K, used 97921K [0x00000000c0000000, 0x00000000d3680000, 0x00000000eab00000)
  object space 317952K, 30% used [0x00000000c0000000,0x00000000c5fa04b8,0x00000000d3680000)
 Metaspace       used 177145K, capacity 187679K, committed 188032K, reserved 1212416K
  class space    used 22471K, capacity 24577K, committed 24704K, reserved 1048576K
GC Heap History (10 events):
Event: 9594.528 GC heap before
{Heap before GC invocations=47 (full 5):
 PSYoungGen      total 308224K, used 285488K [0x00000000eab00000, 0x00000000ffc80000, 0x0000000100000000)
  eden space 268800K, 100% used [0x00000000eab00000,0x00000000fb180000,0x00000000fb180000)
  from space 39424K, 42% used [0x00000000fb180000,0x00000000fc1cc380,0x00000000fd800000)
  to   space 37376K, 0% used [0x00000000fd800000,0x00000000fd800000,0x00000000ffc80000)
 ParOldGen       total 317952K, used 84851K [0x00000000c0000000, 0x00000000d3680000, 0x00000000eab00000)
  object space 317952K, 26% used [0x00000000c0000000,0x00000000c52dcde8,0x00000000d3680000)
 Metaspace       used 172905K, capacity 182849K, committed 183040K, reserved 1208320K
  class space    used 21975K, capacity 23958K, committed 24064K, reserved 1048576K
Event: 9594.557 GC heap after
Heap after GC invocations=47 (full 5):
 PSYoungGen      total 302592K, used 35491K [0x00000000eab00000, 0x0000000100000000, 0x0000000100000000)
  eden space 265216K, 0% used [0x00000000eab00000,0x00000000eab00000,0x00000000fae00000)
  from space 37376K, 94% used [0x00000000fd800000,0x00000000ffaa8d98,0x00000000ffc80000)
  to   space 41984K, 0% used [0x00000000fae00000,0x00000000fae00000,0x00000000fd700000)
 ParOldGen       total 317952K, used 91046K [0x00000000c0000000, 0x00000000d3680000, 0x00000000eab00000)
  object space 317952K, 28% used [0x00000000c0000000,0x00000000c58e9ab8,0x00000000d3680000)
 Metaspace       used 172905K, capacity 182849K, committed 183040K, reserved 1208320K
  class space    used 21975K, capacity 23958K, committed 24064K, reserved 1048576K
}
Event: 9595.348 GC heap before
{Heap before GC invocations=48 (full 5):
 PSYoungGen      total 302592K, used 299860K [0x00000000eab00000, 0x0000000100000000, 0x0000000100000000)
  eden space 265216K, 99% used [0x00000000eab00000,0x00000000fad2c388,0x00000000fae00000)
  from space 37376K, 94% used [0x00000000fd800000,0x00000000ffaa8d98,0x00000000ffc80000)
  to   space 41984K, 0% used [0x00000000fae00000,0x00000000fae00000,0x00000000fd700000)
 ParOldGen       total 317952K, used 91046K [0x00000000c0000000, 0x00000000d3680000, 0x00000000eab00000)
  object space 317952K, 28% used [0x00000000c0000000,0x00000000c58e9ab8,0x00000000d3680000)
 Metaspace       used 173965K, capacity 184047K, committed 184192K, reserved 1210368K
  class space    used 22127K, capacity 24117K, committed 24192K, reserved 1048576K
Event: 9595.355 GC heap after
Heap after GC invocations=48 (full 5):
 PSYoungGen      total 307200K, used 6098K [0x00000000eab00000, 0x0000000100000000, 0x0000000100000000)
  eden space 265216K, 0% used [0x00000000eab00000,0x00000000eab00000,0x00000000fae00000)
  from space 41984K, 14% used [0x00000000fae00000,0x00000000fb3f48a8,0x00000000fd700000)
  to   space 41984K, 0% used [0x00000000fd700000,0x00000000fd700000,0x0000000100000000)
 ParOldGen       total 317952K, used 91470K [0x00000000c0000000, 0x00000000d3680000, 0x00000000eab00000)
  object space 317952K, 28% used [0x00000000c0000000,0x00000000c5953ab8,0x00000000d3680000)
 Metaspace       used 173965K, capacity 184047K, committed 184192K, reserved 1210368K
  class space    used 22127K, capacity 24117K, committed 24192K, reserved 1048576K
}
Event: 9595.400 GC heap before
{Heap before GC invocations=49 (full 5):
 PSYoungGen      total 307200K, used 271077K [0x00000000eab00000, 0x0000000100000000, 0x0000000100000000)
  eden space 265216K, 99% used [0x00000000eab00000,0x00000000fadc4d40,0x00000000fae00000)
  from space 41984K, 14% used [0x00000000fae00000,0x00000000fb3f48a8,0x00000000fd700000)
  to   space 41984K, 0% used [0x00000000fd700000,0x00000000fd700000,0x0000000100000000)
 ParOldGen       total 317952K, used 91470K [0x00000000c0000000, 0x00000000d3680000, 0x00000000eab00000)
  object space 317952K, 28% used [0x00000000c0000000,0x00000000c5953ab8,0x00000000d3680000)
 Metaspace       used 173972K, capacity 184047K, committed 184192K, reserved 1210368K
  class space    used 22127K, capacity 24117K, committed 24192K, reserved 1048576K
Event: 9595.405 GC heap after
Heap after GC invocations=49 (full 5):
 PSYoungGen      total 305152K, used 160K [0x00000000eab00000, 0x0000000100000000, 0x0000000100000000)
  eden space 263168K, 0% used [0x00000000eab00000,0x00000000eab00000,0x00000000fac00000)
  from space 41984K, 0% used [0x00000000fd700000,0x00000000fd728000,0x0000000100000000)
  to   space 43008K, 0% used [0x00000000fac00000,0x00000000fac00000,0x00000000fd600000)
 ParOldGen       total 317952K, used 93231K [0x00000000c0000000, 0x00000000d3680000, 0x00000000eab00000)
  object space 317952K, 29% used [0x00000000c0000000,0x00000000c5b0be20,0x00000000d3680000)
 Metaspace       used 173972K, capacity 184047K, committed 184192K, reserved 1210368K
  class space    used 22127K, capacity 24117K, committed 24192K, reserved 1048576K
}
Event: 9649.799 GC heap before
{Heap before GC invocations=50 (full 5):
 PSYoungGen      total 305152K, used 262617K [0x00000000eab00000, 0x0000000100000000, 0x0000000100000000)
  eden space 263168K, 99% used [0x00000000eab00000,0x00000000fab4e4d0,0x00000000fac00000)
  from space 41984K, 0% used [0x00000000fd700000,0x00000000fd728000,0x0000000100000000)
  to   space 43008K, 0% used [0x00000000fac00000,0x00000000fac00000,0x00000000fd600000)
 ParOldGen       total 317952K, used 93231K [0x00000000c0000000, 0x00000000d3680000, 0x00000000eab00000)
  object space 317952K, 29% used [0x00000000c0000000,0x00000000c5b0be20,0x00000000d3680000)
 Metaspace       used 175474K, capacity 185885K, committed 185984K, reserved 1210368K
  class space    used 22338K, capacity 24404K, committed 24448K, reserved 1048576K
Event: 9649.818 GC heap after
Heap after GC invocations=50 (full 5):
 PSYoungGen      total 306176K, used 7686K [0x00000000eab00000, 0x00000000fff00000, 0x0000000100000000)
  eden space 263168K, 0% used [0x00000000eab00000,0x00000000eab00000,0x00000000fac00000)
  from space 43008K, 17% used [0x00000000fac00000,0x00000000fb3819e8,0x00000000fd600000)
  to   space 41984K, 0% used [0x00000000fd600000,0x00000000fd600000,0x00000000fff00000)
 ParOldGen       total 317952K, used 93279K [0x00000000c0000000, 0x00000000d3680000, 0x00000000eab00000)
  object space 317952K, 29% used [0x00000000c0000000,0x00000000c5b17e20,0x00000000d3680000)
 Metaspace       used 175474K, capacity 185885K, committed 185984K, reserved 1210368K
  class space    used 22338K, capacity 24404K, committed 24448K, reserved 1048576K
}
Event: 9651.048 GC heap before
{Heap before GC invocations=51 (full 5):
 PSYoungGen      total 306176K, used 270854K [0x00000000eab00000, 0x00000000fff00000, 0x0000000100000000)
  eden space 263168K, 100% used [0x00000000eab00000,0x00000000fac00000,0x00000000fac00000)
  from space 43008K, 17% used [0x00000000fac00000,0x00000000fb3819e8,0x00000000fd600000)
  to   space 41984K, 0% used [0x00000000fd600000,0x00000000fd600000,0x00000000fff00000)
 ParOldGen       total 317952K, used 93279K [0x00000000c0000000, 0x00000000d3680000, 0x00000000eab00000)
  object space 317952K, 29% used [0x00000000c0000000,0x00000000c5b17e20,0x00000000d3680000)
 Metaspace       used 176252K, capacity 186745K, committed 186880K, reserved 1212416K
  class space    used 22427K, capacity 24500K, committed 24576K, reserved 1048576K
Event: 9651.067 GC heap after
Heap after GC invocations=51 (full 5):
 PSYoungGen      total 305152K, used 3715K [0x00000000eab00000, 0x00000000ffe00000, 0x0000000100000000)
  eden space 264192K, 0% used [0x00000000eab00000,0x00000000eab00000,0x00000000fad00000)
  from space 40960K, 9% used [0x00000000fd600000,0x00000000fd9a0cd0,0x00000000ffe00000)
  to   space 41472K, 0% used [0x00000000fad00000,0x00000000fad00000,0x00000000fd580000)
 ParOldGen       total 317952K, used 97921K [0x00000000c0000000, 0x00000000d3680000, 0x00000000eab00000)
  object space 317952K, 30% used [0x00000000c0000000,0x00000000c5fa04b8,0x00000000d3680000)
 Metaspace       used 176252K, capacity 186745K, committed 186880K, reserved 1212416K
  class space    used 22427K, capacity 24500K, committed 24576K, reserved 1048576K
}

