# JRE version: OpenJDK Runtime Environment (8.0_152-b02) (build 1.8.0_152-release-1024-b02)
# Java VM: OpenJDK 64-Bit Server VM (25.152-b02 mixed mode windows-amd64 compressed oops)
Heap:
 PSYoungGen      total 56832K, used 31298K [0x00000000eab00000, 0x00000000eea00000, 0x0000000100000000)
  eden space 49152K, 48% used [0x00000000eab00000,0x00000000ec216788,0x00000000edb00000)
  from space 7680K, 99% used [0x00000000ee280000,0x00000000ee9fa398,0x00000000eea00000)
  to   space 7680K, 0% used [0x00000000edb00000,0x00000000edb00000,0x00000000ee280000)
 ParOldGen       total 130048K, used 773K [0x00000000c0000000, 0x00000000c7f00000, 0x00000000eab00000)
  object space 130048K, 0% used [0x00000000c0000000,0x00000000c00c1548,0x00000000c7f00000)
 Metaspace       used 16361K, capacity 16734K, committed 16896K, reserved 1062912K
  class space    used 2326K, capacity 2479K, committed 2560K, reserved 1048576K
GC Heap History (4 events):
Event: 3.355 GC heap before
{Heap before GC invocations=1 (full 0):
 PSYoungGen      total 56832K, used 49152K [0x00000000eab00000, 0x00000000eea00000, 0x0000000100000000)
  eden space 49152K, 100% used [0x00000000eab00000,0x00000000edb00000,0x00000000edb00000)
  from space 7680K, 0% used [0x00000000ee280000,0x00000000ee280000,0x00000000eea00000)
  to   space 7680K, 0% used [0x00000000edb00000,0x00000000edb00000,0x00000000ee280000)
 ParOldGen       total 130048K, used 0K [0x00000000c0000000, 0x00000000c7f00000, 0x00000000eab00000)
  object space 130048K, 0% used [0x00000000c0000000,0x00000000c0000000,0x00000000c7f00000)
 Metaspace       used 7197K, capacity 7472K, committed 7680K, reserved 1056768K
  class space    used 906K, capacity 984K, committed 1024K, reserved 1048576K
Event: 3.364 GC heap after
Heap after GC invocations=1 (full 0):
 PSYoungGen      total 56832K, used 5363K [0x00000000eab00000, 0x00000000eea00000, 0x0000000100000000)
  eden space 49152K, 0% used [0x00000000eab00000,0x00000000eab00000,0x00000000edb00000)
  from space 7680K, 69% used [0x00000000edb00000,0x00000000ee03cfb0,0x00000000ee280000)
  to   space 7680K, 0% used [0x00000000ee280000,0x00000000ee280000,0x00000000eea00000)
 ParOldGen       total 130048K, used 16K [0x00000000c0000000, 0x00000000c7f00000, 0x00000000eab00000)
  object space 130048K, 0% used [0x00000000c0000000,0x00000000c0004000,0x00000000c7f00000)
 Metaspace       used 7197K, capacity 7472K, committed 7680K, reserved 1056768K
  class space    used 906K, capacity 984K, committed 1024K, reserved 1048576K
}
Event: 7.149 GC heap before
{Heap before GC invocations=2 (full 0):
 PSYoungGen      total 56832K, used 54515K [0x00000000eab00000, 0x00000000eea00000, 0x0000000100000000)
  eden space 49152K, 100% used [0x00000000eab00000,0x00000000edb00000,0x00000000edb00000)
  from space 7680K, 69% used [0x00000000edb00000,0x00000000ee03cfb0,0x00000000ee280000)
  to   space 7680K, 0% used [0x00000000ee280000,0x00000000ee280000,0x00000000eea00000)
 ParOldGen       total 130048K, used 16K [0x00000000c0000000, 0x00000000c7f00000, 0x00000000eab00000)
  object space 130048K, 0% used [0x00000000c0000000,0x00000000c0004000,0x00000000c7f00000)
 Metaspace       used 14227K, capacity 14622K, committed 14720K, reserved 1062912K
  class space    used 1974K, capacity 2095K, committed 2176K, reserved 1048576K
Event: 7.159 GC heap after
Heap after GC invocations=2 (full 0):
 PSYoungGen      total 56832K, used 7656K [0x00000000eab00000, 0x00000000eea00000, 0x0000000100000000)
  eden space 49152K, 0% used [0x00000000eab00000,0x00000000eab00000,0x00000000edb00000)
  from space 7680K, 99% used [0x00000000ee280000,0x00000000ee9fa398,0x00000000eea00000)
  to   space 7680K, 0% used [0x00000000edb00000,0x00000000edb00000,0x00000000ee280000)
 ParOldGen       total 130048K, used 773K [0x00000000c0000000, 0x00000000c7f00000, 0x00000000eab00000)
  object space 130048K, 0% used [0x00000000c0000000,0x00000000c00c1548,0x00000000c7f00000)
 Metaspace       used 14227K, capacity 14622K, committed 14720K, reserved 1062912K
  class space    used 1974K, capacity 2095K, committed 2176K, reserved 1048576K
}

