# JRE version: OpenJDK Runtime Environment (8.0_152-b02) (build 1.8.0_152-release-1024-b02)
# Java VM: OpenJDK 64-Bit Server VM (25.152-b02 mixed mode windows-amd64 compressed oops)
Heap:
 PSYoungGen      total 105984K, used 51385K [0x00000000eab00000, 0x00000000f1a00000, 0x0000000100000000)
  eden space 98304K, 44% used [0x00000000eab00000,0x00000000ed5b5de0,0x00000000f0b00000)
  from space 7680K, 99% used [0x00000000f0b00000,0x00000000f12787a8,0x00000000f1280000)
  to   space 7680K, 0% used [0x00000000f1280000,0x00000000f1280000,0x00000000f1a00000)
 ParOldGen       total 77824K, used 10053K [0x00000000c0000000, 0x00000000c4c00000, 0x00000000eab00000)
  object space 77824K, 12% used [0x00000000c0000000,0x00000000c09d15b8,0x00000000c4c00000)
 Metaspace       used 30897K, capacity 31518K, committed 31616K, reserved 1077248K
  class space    used 4223K, capacity 4422K, committed 4480K, reserved 1048576K
GC Heap History (10 events):
Event: 5.067 GC heap before
{Heap before GC invocations=2 (full 0):
 PSYoungGen      total 56832K, used 54577K [0x00000000eab00000, 0x00000000eea00000, 0x0000000100000000)
  eden space 49152K, 100% used [0x00000000eab00000,0x00000000edb00000,0x00000000edb00000)
  from space 7680K, 70% used [0x00000000edb00000,0x00000000ee04c788,0x00000000ee280000)
  to   space 7680K, 0% used [0x00000000ee280000,0x00000000ee280000,0x00000000eea00000)
 ParOldGen       total 130048K, used 16K [0x00000000c0000000, 0x00000000c7f00000, 0x00000000eab00000)
  object space 130048K, 0% used [0x00000000c0000000,0x00000000c0004000,0x00000000c7f00000)
 Metaspace       used 14223K, capacity 14614K, committed 14720K, reserved 1062912K
  class space    used 1974K, capacity 2095K, committed 2176K, reserved 1048576K
Event: 5.084 GC heap after
Heap after GC invocations=2 (full 0):
 PSYoungGen      total 56832K, used 7670K [0x00000000eab00000, 0x00000000eea00000, 0x0000000100000000)
  eden space 49152K, 0% used [0x00000000eab00000,0x00000000eab00000,0x00000000edb00000)
  from space 7680K, 99% used [0x00000000ee280000,0x00000000ee9fdb80,0x00000000eea00000)
  to   space 7680K, 0% used [0x00000000edb00000,0x00000000edb00000,0x00000000ee280000)
 ParOldGen       total 130048K, used 704K [0x00000000c0000000, 0x00000000c7f00000, 0x00000000eab00000)
  object space 130048K, 0% used [0x00000000c0000000,0x00000000c00b0388,0x00000000c7f00000)
 Metaspace       used 14223K, capacity 14614K, committed 14720K, reserved 1062912K
  class space    used 1974K, capacity 2095K, committed 2176K, reserved 1048576K
}
Event: 6.868 GC heap before
{Heap before GC invocations=3 (full 0):
 PSYoungGen      total 56832K, used 56822K [0x00000000eab00000, 0x00000000eea00000, 0x0000000100000000)
  eden space 49152K, 100% used [0x00000000eab00000,0x00000000edb00000,0x00000000edb00000)
  from space 7680K, 99% used [0x00000000ee280000,0x00000000ee9fdb80,0x00000000eea00000)
  to   space 7680K, 0% used [0x00000000edb00000,0x00000000edb00000,0x00000000ee280000)
 ParOldGen       total 130048K, used 704K [0x00000000c0000000, 0x00000000c7f00000, 0x00000000eab00000)
  object space 130048K, 0% used [0x00000000c0000000,0x00000000c00b0388,0x00000000c7f00000)
 Metaspace       used 19768K, capacity 20240K, committed 20352K, reserved 1067008K
  class space    used 2775K, capacity 2915K, committed 2944K, reserved 1048576K
Event: 6.943 GC heap after
Heap after GC invocations=3 (full 0):
 PSYoungGen      total 56832K, used 7664K [0x00000000eab00000, 0x00000000f1a00000, 0x0000000100000000)
  eden space 49152K, 0% used [0x00000000eab00000,0x00000000eab00000,0x00000000edb00000)
  from space 7680K, 99% used [0x00000000edb00000,0x00000000ee27c208,0x00000000ee280000)
  to   space 7680K, 0% used [0x00000000f1280000,0x00000000f1280000,0x00000000f1a00000)
 ParOldGen       total 130048K, used 4092K [0x00000000c0000000, 0x00000000c7f00000, 0x00000000eab00000)
  object space 130048K, 3% used [0x00000000c0000000,0x00000000c03ff3d0,0x00000000c7f00000)
 Metaspace       used 19768K, capacity 20240K, committed 20352K, reserved 1067008K
  class space    used 2775K, capacity 2915K, committed 2944K, reserved 1048576K
}
Event: 7.390 GC heap before
{Heap before GC invocations=4 (full 0):
 PSYoungGen      total 56832K, used 9219K [0x00000000eab00000, 0x00000000f1a00000, 0x0000000100000000)
  eden space 49152K, 3% used [0x00000000eab00000,0x00000000eac84bd0,0x00000000edb00000)
  from space 7680K, 99% used [0x00000000edb00000,0x00000000ee27c208,0x00000000ee280000)
  to   space 7680K, 0% used [0x00000000f1280000,0x00000000f1280000,0x00000000f1a00000)
 ParOldGen       total 130048K, used 4092K [0x00000000c0000000, 0x00000000c7f00000, 0x00000000eab00000)
  object space 130048K, 3% used [0x00000000c0000000,0x00000000c03ff3d0,0x00000000c7f00000)
 Metaspace       used 20756K, capacity 21200K, committed 21248K, reserved 1067008K
  class space    used 2887K, capacity 3043K, committed 3072K, reserved 1048576K
Event: 7.414 GC heap after
Heap after GC invocations=4 (full 0):
 PSYoungGen      total 105984K, used 6932K [0x00000000eab00000, 0x00000000f1a00000, 0x0000000100000000)
  eden space 98304K, 0% used [0x00000000eab00000,0x00000000eab00000,0x00000000f0b00000)
  from space 7680K, 90% used [0x00000000f1280000,0x00000000f1945060,0x00000000f1a00000)
  to   space 7680K, 0% used [0x00000000f0b00000,0x00000000f0b00000,0x00000000f1280000)
 ParOldGen       total 130048K, used 4100K [0x00000000c0000000, 0x00000000c7f00000, 0x00000000eab00000)
  object space 130048K, 3% used [0x00000000c0000000,0x00000000c04013d0,0x00000000c7f00000)
 Metaspace       used 20756K, capacity 21200K, committed 21248K, reserved 1067008K
  class space    used 2887K, capacity 3043K, committed 3072K, reserved 1048576K
}
Event: 7.414 GC heap before
{Heap before GC invocations=5 (full 1):
 PSYoungGen      total 105984K, used 6932K [0x00000000eab00000, 0x00000000f1a00000, 0x0000000100000000)
  eden space 98304K, 0% used [0x00000000eab00000,0x00000000eab00000,0x00000000f0b00000)
  from space 7680K, 90% used [0x00000000f1280000,0x00000000f1945060,0x00000000f1a00000)
  to   space 7680K, 0% used [0x00000000f0b00000,0x00000000f0b00000,0x00000000f1280000)
 ParOldGen       total 130048K, used 4100K [0x00000000c0000000, 0x00000000c7f00000, 0x00000000eab00000)
  object space 130048K, 3% used [0x00000000c0000000,0x00000000c04013d0,0x00000000c7f00000)
 Metaspace       used 20756K, capacity 21200K, committed 21248K, reserved 1067008K
  class space    used 2887K, capacity 3043K, committed 3072K, reserved 1048576K
Event: 7.517 GC heap after
Heap after GC invocations=5 (full 1):
 PSYoungGen      total 105984K, used 0K [0x00000000eab00000, 0x00000000f1a00000, 0x0000000100000000)
  eden space 98304K, 0% used [0x00000000eab00000,0x00000000eab00000,0x00000000f0b00000)
  from space 7680K, 0% used [0x00000000f1280000,0x00000000f1280000,0x00000000f1a00000)
  to   space 7680K, 0% used [0x00000000f0b00000,0x00000000f0b00000,0x00000000f1280000)
 ParOldGen       total 77824K, used 7232K [0x00000000c0000000, 0x00000000c4c00000, 0x00000000eab00000)
  object space 77824K, 9% used [0x00000000c0000000,0x00000000c0710258,0x00000000c4c00000)
 Metaspace       used 20756K, capacity 21200K, committed 21248K, reserved 1067008K
  class space    used 2887K, capacity 3043K, committed 3072K, reserved 1048576K
}
Event: 11.084 GC heap before
{Heap before GC invocations=6 (full 1):
 PSYoungGen      total 105984K, used 98304K [0x00000000eab00000, 0x00000000f1a00000, 0x0000000100000000)
  eden space 98304K, 100% used [0x00000000eab00000,0x00000000f0b00000,0x00000000f0b00000)
  from space 7680K, 0% used [0x00000000f1280000,0x00000000f1280000,0x00000000f1a00000)
  to   space 7680K, 0% used [0x00000000f0b00000,0x00000000f0b00000,0x00000000f1280000)
 ParOldGen       total 77824K, used 7232K [0x00000000c0000000, 0x00000000c4c00000, 0x00000000eab00000)
  object space 77824K, 9% used [0x00000000c0000000,0x00000000c0710258,0x00000000c4c00000)
 Metaspace       used 28258K, capacity 28920K, committed 29056K, reserved 1075200K
  class space    used 3947K, capacity 4133K, committed 4224K, reserved 1048576K
Event: 11.101 GC heap after
Heap after GC invocations=6 (full 1):
 PSYoungGen      total 105984K, used 7649K [0x00000000eab00000, 0x00000000f1a00000, 0x0000000100000000)
  eden space 98304K, 0% used [0x00000000eab00000,0x00000000eab00000,0x00000000f0b00000)
  from space 7680K, 99% used [0x00000000f0b00000,0x00000000f12787a8,0x00000000f1280000)
  to   space 7680K, 0% used [0x00000000f1280000,0x00000000f1280000,0x00000000f1a00000)
 ParOldGen       total 77824K, used 10053K [0x00000000c0000000, 0x00000000c4c00000, 0x00000000eab00000)
  object space 77824K, 12% used [0x00000000c0000000,0x00000000c09d15b8,0x00000000c4c00000)
 Metaspace       used 28258K, capacity 28920K, committed 29056K, reserved 1075200K
  class space    used 3947K, capacity 4133K, committed 4224K, reserved 1048576K
}

