# JRE version: OpenJDK Runtime Environment (8.0_152-b02) (build 1.8.0_152-release-1024-b02)
# Java VM: OpenJDK 64-Bit Server VM (25.152-b02 mixed mode windows-amd64 compressed oops)
Heap:
 PSYoungGen      total 268288K, used 52301K [0x00000000eab00000, 0x00000000ff080000, 0x0000000100000000)
  eden space 240640K, 13% used [0x00000000eab00000,0x00000000ecb400f8,0x00000000f9600000)
  from space 27648K, 69% used [0x00000000f9600000,0x00000000fa8d3400,0x00000000fb100000)
  to   space 28672K, 0% used [0x00000000fd480000,0x00000000fd480000,0x00000000ff080000)
 ParOldGen       total 196608K, used 45640K [0x00000000c0000000, 0x00000000cc000000, 0x00000000eab00000)
  object space 196608K, 23% used [0x00000000c0000000,0x00000000c2c921b8,0x00000000cc000000)
 Metaspace       used 75630K, capacity 78976K, committed 79232K, reserved 1118208K
  class space    used 10035K, capacity 10833K, committed 10880K, reserved 1048576K
GC Heap History (10 events):
Event: 20.475 GC heap before
{Heap before GC invocations=10 (full 2):
 PSYoungGen      total 136192K, used 135244K [0x00000000eab00000, 0x00000000f8680000, 0x0000000100000000)
  eden space 121344K, 100% used [0x00000000eab00000,0x00000000f2180000,0x00000000f2180000)
  from space 14848K, 93% used [0x00000000f2180000,0x00000000f2f130f8,0x00000000f3000000)
  to   space 16384K, 0% used [0x00000000f7680000,0x00000000f7680000,0x00000000f8680000)
 ParOldGen       total 128512K, used 17372K [0x00000000c0000000, 0x00000000c7d80000, 0x00000000eab00000)
  object space 128512K, 13% used [0x00000000c0000000,0x00000000c10f7218,0x00000000c7d80000)
 Metaspace       used 52661K, capacity 54368K, committed 54656K, reserved 1095680K
  class space    used 7277K, capacity 7726K, committed 7808K, reserved 1048576K
Event: 20.545 GC heap after
Heap after GC invocations=10 (full 2):
 PSYoungGen      total 204288K, used 16366K [0x00000000eab00000, 0x00000000f8d80000, 0x0000000100000000)
  eden space 187904K, 0% used [0x00000000eab00000,0x00000000eab00000,0x00000000f6280000)
  from space 16384K, 99% used [0x00000000f7680000,0x00000000f867b818,0x00000000f8680000)
  to   space 20480K, 0% used [0x00000000f6280000,0x00000000f6280000,0x00000000f7680000)
 ParOldGen       total 128512K, used 20745K [0x00000000c0000000, 0x00000000c7d80000, 0x00000000eab00000)
  object space 128512K, 16% used [0x00000000c0000000,0x00000000c1442468,0x00000000c7d80000)
 Metaspace       used 52661K, capacity 54368K, committed 54656K, reserved 1095680K
  class space    used 7277K, capacity 7726K, committed 7808K, reserved 1048576K
}
Event: 24.772 GC heap before
{Heap before GC invocations=11 (full 2):
 PSYoungGen      total 204288K, used 204270K [0x00000000eab00000, 0x00000000f8d80000, 0x0000000100000000)
  eden space 187904K, 100% used [0x00000000eab00000,0x00000000f6280000,0x00000000f6280000)
  from space 16384K, 99% used [0x00000000f7680000,0x00000000f867b818,0x00000000f8680000)
  to   space 20480K, 0% used [0x00000000f6280000,0x00000000f6280000,0x00000000f7680000)
 ParOldGen       total 128512K, used 20745K [0x00000000c0000000, 0x00000000c7d80000, 0x00000000eab00000)
  object space 128512K, 16% used [0x00000000c0000000,0x00000000c1442468,0x00000000c7d80000)
 Metaspace       used 56943K, capacity 58966K, committed 59008K, reserved 1099776K
  class space    used 7803K, capacity 8313K, committed 8320K, reserved 1048576K
Event: 24.834 GC heap after
Heap after GC invocations=11 (full 2):
 PSYoungGen      total 208384K, used 20466K [0x00000000eab00000, 0x00000000fd600000, 0x0000000100000000)
  eden space 187904K, 0% used [0x00000000eab00000,0x00000000eab00000,0x00000000f6280000)
  from space 20480K, 99% used [0x00000000f6280000,0x00000000f767cb80,0x00000000f7680000)
  to   space 27648K, 0% used [0x00000000fbb00000,0x00000000fbb00000,0x00000000fd600000)
 ParOldGen       total 128512K, used 32427K [0x00000000c0000000, 0x00000000c7d80000, 0x00000000eab00000)
  object space 128512K, 25% used [0x00000000c0000000,0x00000000c1faae00,0x00000000c7d80000)
 Metaspace       used 56943K, capacity 58966K, committed 59008K, reserved 1099776K
  class space    used 7803K, capacity 8313K, committed 8320K, reserved 1048576K
}
Event: 24.834 GC heap before
{Heap before GC invocations=12 (full 3):
 PSYoungGen      total 208384K, used 20466K [0x00000000eab00000, 0x00000000fd600000, 0x0000000100000000)
  eden space 187904K, 0% used [0x00000000eab00000,0x00000000eab00000,0x00000000f6280000)
  from space 20480K, 99% used [0x00000000f6280000,0x00000000f767cb80,0x00000000f7680000)
  to   space 27648K, 0% used [0x00000000fbb00000,0x00000000fbb00000,0x00000000fd600000)
 ParOldGen       total 128512K, used 32427K [0x00000000c0000000, 0x00000000c7d80000, 0x00000000eab00000)
  object space 128512K, 25% used [0x00000000c0000000,0x00000000c1faae00,0x00000000c7d80000)
 Metaspace       used 56943K, capacity 58966K, committed 59008K, reserved 1099776K
  class space    used 7803K, capacity 8313K, committed 8320K, reserved 1048576K
Event: 25.307 GC heap after
Heap after GC invocations=12 (full 3):
 PSYoungGen      total 208384K, used 0K [0x00000000eab00000, 0x00000000fd600000, 0x0000000100000000)
  eden space 187904K, 0% used [0x00000000eab00000,0x00000000eab00000,0x00000000f6280000)
  from space 20480K, 0% used [0x00000000f6280000,0x00000000f6280000,0x00000000f7680000)
  to   space 27648K, 0% used [0x00000000fbb00000,0x00000000fbb00000,0x00000000fd600000)
 ParOldGen       total 196608K, used 45624K [0x00000000c0000000, 0x00000000cc000000, 0x00000000eab00000)
  object space 196608K, 23% used [0x00000000c0000000,0x00000000c2c8e1b8,0x00000000cc000000)
 Metaspace       used 56943K, capacity 58966K, committed 59008K, reserved 1099776K
  class space    used 7803K, capacity 8313K, committed 8320K, reserved 1048576K
}
Event: 36.529 GC heap before
{Heap before GC invocations=13 (full 3):
 PSYoungGen      total 208384K, used 187904K [0x00000000eab00000, 0x00000000fd600000, 0x0000000100000000)
  eden space 187904K, 100% used [0x00000000eab00000,0x00000000f6280000,0x00000000f6280000)
  from space 20480K, 0% used [0x00000000f6280000,0x00000000f6280000,0x00000000f7680000)
  to   space 27648K, 0% used [0x00000000fbb00000,0x00000000fbb00000,0x00000000fd600000)
 ParOldGen       total 196608K, used 45624K [0x00000000c0000000, 0x00000000cc000000, 0x00000000eab00000)
  object space 196608K, 23% used [0x00000000c0000000,0x00000000c2c8e1b8,0x00000000cc000000)
 Metaspace       used 67263K, capacity 69750K, committed 69888K, reserved 1110016K
  class space    used 9026K, capacity 9610K, committed 9728K, reserved 1048576K
Event: 36.549 GC heap after
Heap after GC invocations=13 (full 3):
 PSYoungGen      total 248832K, used 16899K [0x00000000eab00000, 0x00000000fcc00000, 0x0000000100000000)
  eden space 231424K, 0% used [0x00000000eab00000,0x00000000eab00000,0x00000000f8d00000)
  from space 17408K, 97% used [0x00000000fbb00000,0x00000000fcb80f50,0x00000000fcc00000)
  to   space 27648K, 0% used [0x00000000f9600000,0x00000000f9600000,0x00000000fb100000)
 ParOldGen       total 196608K, used 45632K [0x00000000c0000000, 0x00000000cc000000, 0x00000000eab00000)
  object space 196608K, 23% used [0x00000000c0000000,0x00000000c2c901b8,0x00000000cc000000)
 Metaspace       used 67263K, capacity 69750K, committed 69888K, reserved 1110016K
  class space    used 9026K, capacity 9610K, committed 9728K, reserved 1048576K
}
Event: 1979.449 GC heap before
{Heap before GC invocations=14 (full 3):
 PSYoungGen      total 248832K, used 248323K [0x00000000eab00000, 0x00000000fcc00000, 0x0000000100000000)
  eden space 231424K, 100% used [0x00000000eab00000,0x00000000f8d00000,0x00000000f8d00000)
  from space 17408K, 97% used [0x00000000fbb00000,0x00000000fcb80f50,0x00000000fcc00000)
  to   space 27648K, 0% used [0x00000000f9600000,0x00000000f9600000,0x00000000fb100000)
 ParOldGen       total 196608K, used 45632K [0x00000000c0000000, 0x00000000cc000000, 0x00000000eab00000)
  object space 196608K, 23% used [0x00000000c0000000,0x00000000c2c901b8,0x00000000cc000000)
 Metaspace       used 74967K, capacity 78192K, committed 78336K, reserved 1116160K
  class space    used 9946K, capacity 10681K, committed 10752K, reserved 1048576K
Event: 1979.497 GC heap after
Heap after GC invocations=14 (full 3):
 PSYoungGen      total 268288K, used 19277K [0x00000000eab00000, 0x00000000ff080000, 0x0000000100000000)
  eden space 240640K, 0% used [0x00000000eab00000,0x00000000eab00000,0x00000000f9600000)
  from space 27648K, 69% used [0x00000000f9600000,0x00000000fa8d3400,0x00000000fb100000)
  to   space 28672K, 0% used [0x00000000fd480000,0x00000000fd480000,0x00000000ff080000)
 ParOldGen       total 196608K, used 45640K [0x00000000c0000000, 0x00000000cc000000, 0x00000000eab00000)
  object space 196608K, 23% used [0x00000000c0000000,0x00000000c2c921b8,0x00000000cc000000)
 Metaspace       used 74967K, capacity 78192K, committed 78336K, reserved 1116160K
  class space    used 9946K, capacity 10681K, committed 10752K, reserved 1048576K
}

